0 0 0 0
0 0 0 255
0123456789:;<=>?@abcdefghijklmnopqrstuvwxyz[\]^_`ABCDEFGHIJKLMNOPQRSTUVWXYZ
0123456789:;<=>?@abcdefghijklmnopqrstuvwxyz[\]^_`abcdefghijklmnopqrstuvwxyz
0123456789ABCDEF
0123456789abcdef
016llx
0@signal
0[A\A]A
10B99CC24B46CCF94E0E371687C756DB
10IAppSystem
127.0.0.1
1434713789_main
14CBaseAppSystemI14IScriptManagerE
14CScriptManager
14IScriptManager
15CTier0AppSystemI14IScriptManagerLx0EE
15CTier1AppSystemI14IScriptManagerLx0EE
15CTier2AppSystemI14IScriptManagerLx0EE
15IScriptDebugger
16CLuaDbgInspector
17ILuaDbgConnection
20CPostConnectCallback
22CSchemaInstallCallback
258EAFA5-E914-47DA-95CA-C5AB0DC85B11
2TIJAUL
2TIJAULHc
2TIJAULL1
33333333H
3;CScs
6CLuaVM
6CNopVM
7CLuaDbg
8CLuaDBGp
8[A\A]A
8[A\A]A^A
9IScriptVM
APPSYSTEM: In ConnectInterfaces(), s_nRegistrationCount is %d
AUATASARAQAPWVUH
AUATUSH
AVAUATA
AVAUATI
AVAUATL
AVAUATS
AVAUATSH
AVAUATU
AVAUATUH
AVAUATUS
AVAUATUSH
AWAVAUA
AWAVAUATA
AWAVAUATE1
AWAVAUATH
AWAVAUATI
AWAVAUATL
AWAVAUATS
AWAVAUATSD
AWAVAUATSH
AWAVAUATSRH
AWAVAUATU
AWAVAUATUH
AWAVAUATUS
AWAVAUATUSH
AWAVAUI
AWAVAUL
A\A]A^1
A\A]A^A
A\A]A^A_J
A\A]A^H
A\A]A^L
AlignedByteArray not properly aligned
AnimGraphEditorUtils001
AnimationSystemUtils_001
AnimationSystem_001
Armenian
AssetBrowserSystem_001
AssetPreviewSystem_001
AssetRenameSystem_001
AssetSystem001
AssetSystemTest001
Attempted to ConvertToCopiedData for unsupported type (%d
Audits
Avestan
BSR_ANYCRLF
BSR_UNICODE
BakedLODBuilderMgr001
Balinese
BenchmarkService001
Bengali
BinaryProperties_GetValue
BitwiseAnd
BitwiseNot
BitwiseOr
BitwiseXor
Bopomofo
Braille
Breakpoint type (%s) not supported
Browser
Browser" : " INSPECTOR_BROWSER_NAME ", "Protocol-Version" : " INSPECTOR_PROTOCOL_VERSION ", "User-Agent" : " INSPECTOR_USER_AGENT ", "webSocketDebuggerUrl" : "ws://localhost:41000/process/%u
Buginese
C not allowed in lookbehind assertion
C++ exception
CCommand::Tokenize: Encountered command which overflows the tokenizer buffer.. Skipping
CDATA[%s
CMemAllocSystemInitialize
CRC32_ProcessBuffer
CRC64_ProcessBuffer
CXXABI_1.3
CXXABI_1.3.9
Can't call %s:%s on an object of type %s
Canadian_Aboriginal
Cannot recover from failed socket shutdown. (error %d
CharacterSetBuild
Cherokee
ClearBit
ClenDbyteDcharCsubCrepGreverse
CommandLine
Compressed message sent without compression enabled
Conditional breakpoints are not supported
ConnectInterfaceSingletons
Connection
Connection: Upgrade
Connection:Close
Constructor called without a class constructor - internal error
Content-Length
Content-Length:%u
Content-Type:application/json; charset=UTF-8
Couldn't find GET URL
Couldn't find HTTP version after GET
CreateInterface
Ctq<(tMD
Cuneiform
Cypriot
Cyrillic
D$X9D$H
D9D$TwN
D9|$0vHD
D;cP}LL
DEFINE group contains more than one branch
DOM.getDocument
DOMDebugger
Debugger connected, break-in requested when %s runs
Debugger.breakpointResolved
Debugger.paused
Debugger.resumed
Debugger.scriptParsed
DebuggerBreak
Deflate data does not end with required tail
DeflateInit2 failed
DemoUpconverterVersion001
Deseret
Devanagari
DynASM 1.3.0
E [A\A]A
ERROR: Debugger.getScriptSource: invalid scriptId '%s' requested
ERROR: Debugger.getScriptSource: no scriptId given
EXPORTSYSTEM_INTERFACE_VERSION_001
EarlyInit_Tier0
EconItemToolModel_001
Egyptian_Hieroglyphs
Emulation
EngineServiceMgr001
Epairs
Error text not found (please report
Error: Duplicate command handler registered (%s
Ethiopic
FATAL ERROR: unable to register all schema data: %s
Failed to accept an incoming %s connection
Failed to complete a %s connection to %s
Failed to find %s
Failed to read %s
Fassert
Fipairs
FlattenedSerializersVersion001
FontManager_001
Forward
GCC: (SteamRT 4.8.4-1ubuntu15~12.04+steamrt1.2+srt2) 4.8.4
GCC: (SteamRT 5.4.0-7.really.6+steamrt1.2+srt2) 5.4.1 20160803
GCC: (crosstool-NG 1.17.0) 4.6.3
GET %s HTTP/1.1
GET /json HTTP/1.1
GET /json/version HTTP/1.1
GLIBCXX_3.4
GLIBC_2.14
GLIBC_2.2.5
GLIBC_2.3
GLIBC_2.3.4
GLIBC_2.4
GLIBC_2.7
GameResourceServiceClientV001
GameResourceServiceServerV001
GameUIService_001
Generate a random floating point number within a range, inclusive
Generate a random integer within a range, inclusive
Georgian
GetCPUInformation
GetResourceManifestCount
GetResourceManifests
Glagolitic
Global
Global scope
Globals
Gujarati
Gurmukhi
H$9H s8D
H$9H s=H
H$9H sBH
H$9H saH
H$9H sh1
H$9H snH
H*0"ZOW
H9M(txI
HTTP/1.1 101
HTTP/1.1 101 Switching Protocols
HTTP/1.1 200 OK
HTTP/WebSocket
H[A\A]A^A
HammerMapLoader001
HandleError
Hanunoo
HcT$4Mc
HelpSystem_001
Hiragana
Host:%s
HostStateMgr001
IGNORING Event '%s
IGNORING Result for %llu
IGNORING Runtime.getProperties for '%s
INSPECTOR ERROR: %s
IO_getc
IO_putc
IQuickTime001
ITM_deregisterTMCloneTable
ITM_registerTMCloneTable
IiGM>nw
Imperial_Aramaic
Incoming Inspector message: %s
InflateInit2 failed
Inherited
InputService_001
InputStackSystemVersion001
InputSystemVersion001
Inscriptional_Pahlavi
Inscriptional_Parthian
Inspector
Inspector /json
Inspector WebSocket
Inspector client connected on port %u
Inspector message does not have a method or result
Inspector message result is not a table
InstallSchemaBindings
Intentionally vague touch behavior for %p
Invalid WS leader 0x%02x
Invalid WebSocket message received
Invalid connection type
Invalid context (id=%d
Invalid continueToLocation message
Invalid evaluate message
Invalid evaluateOnCallFrame message
Invalid getProperties message
Invalid removeBreakpoint message
Invalid setBreakpoint message
Invalid setBreakpointByUrl message
Invalid setInstrumentationBreakpoint message
Invalid setVariableValue message
Invalid stack level (%d
IsBitSet
IsNull called without an object - did you call obj.IsNull() instead of obj:IsNull
JIT compiler disabled, CPU does not support SSE2
Javanese
JsVersion
Jv_RegisterClasses
Kannada
Katakana
Kayah_Li
KeyValueCache001
Kharoshthi
L$89L$0
L$XLcSlH
L$`LcKlH
L;d$HsaO
LIMIT_MATCH
LIMIT_RECURSION
LOADED
LOADLIB
LOADLIB: %s
LOG_GENERAL
LUA Memory usage warning: The VM has hit a new high usage of %s bytes
LUA Memory usage: The VM has a usage of %s bytes
LUA_CPATH
LUA_NOENV
LUA_PATH
Length2D
Linear_B
LoadAndCompileScriptFile: Failed to compile script file "%s
LoadAndCompileScriptFile: No filesystem found
LoadAndCompileScriptFile: Script file "%s" type does not match VM type
Localize_001
Log.entryAdded
LoggingSystem_IsChannelEnabled
LoggingSystem_Log
LoggingSystem_RegisterLoggingChannel
Lua 5.1
Lua DBGp
Lua function expected
LuaDBGp
LuaDBGp: <-- %s
LuaDBGp: Failed to connect to %s:%d
LuaDBGp: Retrying to connect to %s:%d in 1s (%d/%d
LuaDBGp: Succeeded to connect to %s:%d
LuaDBGp: Trying to connect to %s:%d
LuaDBGp: Unknown command received from the IDE - "%s
LuaDbg - Debugging started for %s
LuaDbg - Debugging stopped
LuaDbgFakeModule
LuaTable
MARK) must have an argument
MATCHFRAMEWORK_001
MODEL_PROCESSING_SCRIPT_INTERFACE_001
MODEL_PROCESSING_SERVICES_INTERFACE_001
MX[A\A]A^A
Malayalam
Malformed VMDbg Runtime.getProperties for '%s
Mandaic
MapListService_001
MaterialUtils_001
MathLib_Init
Mc,$E;l
Meetei_Mayek
MemAlloc_AllocFunc
MemAlloc_FreeFunc
MemAlloc_StrDupFunc
Meroitic_Cursive
Meroitic_Hieroglyphs
MeshSystem001
MeshUtils001
Message count limit of %d hit. Subsequent duplicate messages will be squelched
Missing breakpoint data ( breakpoint with ID %s
Missing breakpoint with given ID %s
ModelDocUtils001
Mongolian
Multiple locals named '%s
Must use luaL_newstate() for 64 bit target
Myanmar
N is not supported in a class
NO_AUTO_POSSESS
NO_START_OPT
Network
NetworkClientService_001
NetworkMessagesVersion001
NetworkP2PService_001
NetworkServerService_001
NetworkService_001
NetworkSystemVersion001
New_Tai_Lue
No conversion from %s to int now
No conversion from %s to string at the moment
No conversion from %s to uint now
No free conversion of %s variant to %s right now
No function binding found
No local named '%s
NodeWorker
Normalized
Not sure how we got here
Ntm<Ot]D
ORIGIN
Ol_Chiki
Old_Italic
Old_Persian
Old_South_Arabian
Old_Turkic
Ordered constructor wrapped type has no default constructor
Osmanya
Overlay
PACKAGE
PANIC: unprotected error in call to Lua API
PCRE does not support \L, \l, \N{name}, \U, or \u
POSIX collating elements are not supported
POSIX named classes are supported only within a class
PRELOAD
PanoramaTextServices001
PanoramaUIClient001
PanoramaUIEngine001
Parameter type mismatch
ParticleSystemMgr003
Phags_Pa
Phoenician
PhysicsBuilderMgr001
Plat_DebugPrint
Plat_ExitProcess
Plat_FatalErrorFunc
Plat_IsFile
Plat_IsInDebugSession
Plat_MSTime
Plat_MSTime64
Plat_NonFatalErrorFunc
Plat_RelativeTicks
Plat_ShouldCollectMiniDumpsForFatalErrors
Plat_TickDiffSec
Plat_TicksAfterMilliSecs
Plat_VirtualAlloc
Plat_VirtualFree
PostProcessingSystem_001
Print a message
Print a warning
Profiler
PropertyEditorSystem_001
Quaternion
R or (?[+-]digits must be followed by
RandomFloat
RandomInt
Receive buffer overflow for %s
Received request doesn't look like an HTTP GET
RegisterConCommand: Unknown error registering con command "%s
RegisterConVar: Unknown error registering convar "%s
RegisterStringToken
Release
RenderDevice003
RenderDeviceMgr001
RenderHardwareConfig002
RenderService_001
RenderSystemSurface001
RenderUtils_001
ResourceCompilerSystem001
ResourceHandleUtils001
ResourceManifestRegistry001
ResourceSystem013
Rt&<Pu
Runtime
Runtime.executionContextCreated
SOCKET_ERR_ACCEPT_FAILED
SOCKET_ERR_BAD_USER_DATA
SOCKET_ERR_BIND_OPERATION_FAILED
SOCKET_ERR_CANT_WRITE
SOCKET_ERR_CONNECTION_CLOSED
SOCKET_ERR_CONNECTION_RESET
SOCKET_ERR_CONNECT_FAILED
SOCKET_ERR_CREATE_FAILED
SOCKET_ERR_ENABLE_BLOCKING_MODE_FAILED
SOCKET_ERR_ENABLE_NON_BLOCKING_MODE_FAILED
SOCKET_ERR_EVENT_SELECT_FAILED
SOCKET_ERR_GENERAL_SOCKET_ERROR
SOCKET_ERR_HOST_NOT_FOUND
SOCKET_ERR_INVALID_CONNECTION
SOCKET_ERR_LISTEN_FAILED
SOCKET_ERR_MIXING_PACKET_SENDS
SOCKET_ERR_NO_AVAILABLE_ENDPOINTS
SOCKET_ERR_NO_INCOMING_CONNECTIONS
SOCKET_ERR_OPERATION_NOT_SUPPORTED
SOCKET_ERR_PARTIAL_PACKET_OVERFLOW
SOCKET_ERR_POLLING_OPERATION_FAILED
SOCKET_ERR_READ_OPERATION_FAILED
SOCKET_ERR_READ_OPERATION_WOULD_BLOCK
SOCKET_ERR_WRITE_OPERATION_FAILED
SOCKET_ERR_WRITE_OPERATION_WOULD_BLOCK
SSE and SSE2 are required
Samaritan
Saurashtra
SceneSystem_002
SceneUtils_001
SchemaSystem_001
SchemaTestExternal_One_001
SchemaTestExternal_Two_001
Script Runtime Error: %s
Script load error for script
Script_Msg
Script_Warning
Sec-WebSocket-Accept
Sec-WebSocket-Accept: %s
Sec-WebSocket-Extensions
Sec-WebSocket-Extensions: permessage-deflate
Sec-WebSocket-Key
Sec-WebSocket-Key: %s
Sec-WebSocket-Version
Sec-WebSocket-Version: 13
See locals
Sending text WebSocket message: %s
SerializedEntitiesVersion001
ServiceWorker
Sharada
Shavian
Sinhala
Socket error: %d
Sora_Sompeng
SoundOpSystem001
SoundOpSystemEdit001
SoundService_001
SoundSystem001
Source2Client002
Source2ClientPrediction001
Source2ClientUI001
Source2EngineToClient001
Source2EngineToClientStringTable001
Source2EngineToServer001
Source2EngineToServerStringTable001
Source2GameClients001
Source2GameEntities001
Source2Host001
Source2Server001
Source2V8System001
StatsService_001
SteamAudio001
Success
Sundanese
Syloti_Nagri
Tagalog
Tagbanwa
Tai_Tham
Tai_Viet
Target
Target.attachedToTarget
Target.targetCreated
TestFormatA
TestFormatB
TestFormatC
TestFormatD
TestFormatE
TestScriptMgr001
TextLayout_001
The function %s requires too many parameters
This convar is being accessed prior to ConVar_Register being called
This object has been deleted from C++ and no longer exists. (Use :IsNull() to detect this
ThreadGetCurrentId
ThreadGetCurrentProcessId
ThreadSleep
Tibetan
Tifinagh
ToHexString
ToggleBit
ToolFramework2_002
ToolSceneNodeFactory_001
ToolService_001
Trying to set a breakpoint with missing file/line. Ensure the file is part of the Eclipse project (refresh project is necessary) and reopen the file in Eclipse
UNHANDLED Audits Inspector sub-method '%s
UNHANDLED Browser Inspector sub-method '%s
UNHANDLED CSS Inspector sub-method '%s
UNHANDLED DOM Inspector sub-method '%s
UNHANDLED DOMDebugger Inspector sub-method '%s
UNHANDLED Debugger Inspector sub-method '%s
UNHANDLED Inspector Inspector sub-method '%s
UNHANDLED Inspector method '%s
UNHANDLED Log Inspector sub-method '%s
UNHANDLED Network Inspector sub-method '%s
UNHANDLED NodeWorker Inspector sub-method '%s
UNHANDLED Overlay Inspector sub-method '%s
UNHANDLED Page Inspector sub-method '%s
UNHANDLED Profiler Inspector sub-method '%s
UNHANDLED Runtime Inspector sub-method '%s
UNHANDLED ServiceWorker Inspector sub-method '%s
UNHANDLED Target Inspector sub-method '%s
UNHANDLED WS payload size %llu
UNHANDLED non-text WS content type %u
USAWAVH
UUUUUU
UUUUUUUUH
Ugaritic
Unable to connect to debugger
Unable to convert Inspector /json to KV3, '%s
Unable to convert Inspector JSON to KV3, '%s
Unable to convert setVariableValue value
Unable to create environment
Unable to set URL breakpoint at %s:%u
Unable to set breakpoint at %s:%u
Unable to set instrumentation breakpoint
Unable to set temporary breakpoint at %s:%u
Unable to set value of '%s
Unable to update line number for the breakpoint with ID %s
Unexpected HTTP GET URL '%s
Unknown protocol
Unrecognized error
Upgrade
Upgrade: WebSocket
Upvalue
Using WebSocket URL: %s
UtlMemory_Alloc
UtlMemory_CalcNewAllocationCount
VAsyncFileSystem2_001
VAvi001
VBik001
VConComm001
VERB) not recognized or malformed
VERSION
VEngineCvar007
VFileSystem017
VGUI_Input005
VGUI_Panel010
VGUI_Scheme010
VGUI_Surface032
VGUI_System010
VGUI_ivgui008
VM handler failed
VMEVENTS
VMaterialSystem2_001
VMediaFoundation001
VPhysics2_Handle_Interface_001
VPhysics2_Interface_001
VProcessUtils002
VProfService_001
VRenderDeviceSetupV001
VScript
VScript Lua: Unhandled variant type %s
VScriptDbg
VScriptManager010
VStringTokenSystem001
V_FixSlashes
V_IsAbsolutePath
V_PrettifyNum
V_StringAfterPrefix
V_StringAfterPrefixCaseSensitive
V_UnqualifiedFileName
V_acosd
V_acosf
V_asinf
V_atan2f
V_atanf
V_atofloat32
V_atofloat64
V_atoi64
V_atoui64
V_fmodf
V_fpclassifyd
V_isnand
V_qsort_s
V_sincosf
V_snprintf
V_sscanf
V_stricmp_fast
V_strncmp
V_strncpy
V_strnlen
V_vsnprintf
Vector2D
Vector4D
VisBuilder_001
WAITING FOR VSCRIPT DEBUGGER CONNECTION for script '%s' -- '-vscriptdebug_script' was provided on the command line
WARNING: Client was supposed to close HTTP connection but didn't
WARNING: Lua allocation of %llu failed
WARNING: Lua breakpoint regex '%s' did not compile
WARNING: Lua unable to create VM
WARNING: Lua unmap unable to decommit all pages
WARNING: Lua unmap unable to find %llu pages
WARNING: Unable to compile regex '%s', %s
WSAEACCES
WSAEADDRINUSE
WSAEADDRNOTAVAIL
WSAEAFNOSUPPORT
WSAEALREADY
WSAEBADF
WSAECANCELLED
WSAECONNABORTED
WSAECONNREFUSED
WSAECONNRESET
WSAEDESTADDRREQ
WSAEDQUOT
WSAEFAULT
WSAEHOSTDOWN
WSAEHOSTUNREACH
WSAEINPROGRESS
WSAEINTR
WSAEINVAL
WSAEISCONN
WSAELOOP
WSAEMFILE
WSAEMSGSIZE
WSAENAMETOOLONG
WSAENETDOWN
WSAENETRESET
WSAENETUNREACH
WSAENOBUFS
WSAENOPROTOOPT
WSAENOTCONN
WSAENOTEMPTY
WSAENOTSOCK
WSAEOPNOTSUPP
WSAEPFNOSUPPORT
WSAEPROTONOSUPPORT
WSAEPROTOTYPE
WSAEREMOTE
WSAESHUTDOWN
WSAESOCKTNOSUPPORT
WSAESTALE
WSAETIMEDOUT
WSAETOOMANYREFS
WSAEUSERS
WSAEWOULDBLOCK
Waiting for Inspector client to connect on port %u
Waiting for an incoming Inspector connection, %llus so far, timeout in %llus
Waiting for debugger connection
Warning
WebSocket URL
WorldRendererMgr001
X[A\A]A^A
Xbox VDP is not supported on this platform
You must construct it with ORDERED_CONSTRUCT macro in the dependency resolution function
Z14V_stristr_fastPKcS0
Z15LoadKV3FromJSONP10KeyValues3P10CUtlStringPKcS4
Z17LoggingSystem_Logi17LoggingSeverity_t5ColorPKcz
Z17LoggingSystem_Logi17LoggingSeverity_tRK14LeafCodeInfo_tPKcz
Z22Assert_ConditionFailedRK34_AssertCompileTimeConstantStruct_tPKcz
Z6DevMsgPKcz
ZN10CUtlBuffer10ParseTokenEPK14characterset_tPcib
ZN10CUtlBuffer14EnsureCapacityEi
ZN10CUtlBuffer14PutFileContentEPKc
ZN10CUtlBuffer18AddNullTerminationEv
ZN10CUtlBuffer3GetEPvi
ZN10CUtlBuffer3PutEPKvi
ZN10CUtlBuffer6PrintfEPKcz
ZN10CUtlBuffer7SeekGetENS_10SeekType_tEi
ZN10CUtlBuffer8CheckPutEi
ZN10CUtlBuffer9PutStringEPKc
ZN10CUtlBufferC1EPKvii
ZN10CUtlBufferC1Eiii
ZN10CUtlString15FreeMemoryBlockEv
ZN10CUtlString3SetEPKc
ZN10CUtlString5PurgeEv
ZN10CUtlString6AppendEPKc
ZN10CUtlString6FormatEPKcz
ZN10CUtlString7AcquireEP13CBufferStringb
ZN10CUtlString9SetDirectEPKci
ZN10CUtlStringpLEPKc
ZN10CUtlStringpLEc
ZN12CSplitString9ConstructEPKcPS1_ib
ZN13CBufferString10FixSlashesEc
ZN13CBufferString11ToLowerFastEi
ZN13CBufferString12AppendFormatEPKcz
ZN13CBufferString13AppendFormatVEPKcP13__va_list_tag
ZN13CBufferString14EnsureCapacityEiPPcbb
ZN13CBufferString5PurgeEi
ZN13CBufferString6ConcatEPKcS1_z
ZN13CBufferString6FormatEPKcz
ZN13CBufferString6InsertEiPKcib
ZN13CBufferString7ReplaceEPKcS1_b
ZN13CBufferString8RemoveAtEii
ZN13CRawAllocator4FreeE18RawAllocatorType_tPvm
ZN13CRawAllocator5AllocE18RawAllocatorType_tmPm
ZN15CKeyValues_Data18Internal_SetStringEPKc
ZN15CUtlBinaryBlock9SetLengthEi
ZN15CUtlSymbolTable9AddStringEPKcPb
ZN15CUtlSymbolTable9RemoveAllEv
ZN15CUtlSymbolTableC1Eiib
ZN15CUtlSymbolTableD1Ev
ZN22CVariableBitStringBase6ResizeEi
ZN22CVariableBitStringBase8FreeIntsEv
ZN24CUtlMemoryBlockAllocator12AllocAndCopyEPKcj
ZN24CUtlMemoryBlockAllocatorC1Eij18RawAllocatorType_t
ZN24CUtlMemoryBlockAllocatorD1Ev
ZN42CVirtualMachineCallStackTranslationEncoder21EncodeAsNativePointerEPKcS1_j
ZN42CVirtualMachineCallStackTranslationEncoderC2EPKc
ZN42CVirtualMachineCallStackTranslationEncoderD2Ev
ZN5CSHA15FinalEv
ZN5CSHA15ResetEv
ZN5CSHA16UpdateEPKvj
ZN8netadr_t13SetFromStringEPKcb
ZN8netadr_t5SetIPEj
ZN8netadr_t7SetPortEt
ZN8netadr_t7SetTypeE12netadrtype_t
ZN9KeyValues6AddKeyEPKc
ZN9KeyValues6SetIntEPKci
ZN9KeyValues6SetPtrEPKcPv
ZN9KeyValues8SetColorEPKc5Color
ZN9KeyValues8SetFloatEPKcf
ZN9KeyValues9SetUint64EPKcy
ZN9KeyValuesC1EPKc
ZN9KeyValuesdlEPv
ZN9KeyValuesnwEm
ZNK10CUtlString21IsEqual_CaseSensitiveEPKc
ZNK10CUtlString27IsEqual_FastCaseInsensitiveEPKc
ZNK13CBufferString10StartsWithEPKc
ZNK15CUtlSymbolTable4FindEPKc
ZNK8netadr_t8ToStringEPcjb
ZNK8netadr_t9ToSockadrEP8sockaddr
ZNSs4_Rep10_M_destroyERKSaIcE
ZNSs4_Rep20_S_empty_rep_storageE
ZNSs6appendEPKcm
ZNSs7reserveEm
ZNV16CThreadFastMutex4LockEPKciyj
ZTVN10__cxxabiv117__class_type_infoE
ZTVN10__cxxabiv120__si_class_type_infoE
ZdlPvm
ZnamRKSt9nothrow_t
ZnwmRKSt9nothrow_t
a numbered reference must not be zero
accessorPropertiesOnly
activelines
actualLocation
ambiguous syntax (function call x new statement
an argument is not allowed for (*ACCEPT), (*FAIL), or (*COMMIT
architecture
argument is not a compiled regular expression
argument not compiled in 8 bit mode
arshift
assertion expected after
assertion failed
at end of pattern
attachToBrowserTarget
attachToTarget
attached
attempt to %s %s '%s' (a %s value
attempt to %s a %s value
attempt to call a %s value
attempt to compare %s with %s
attempt to compare two %s values
attempt to load chunk with wrong mode
attempt to use a closed file
attempt to yield across C-call boundary
bad action while in __gc metamethod
bad argument #%d to '%s' (%s
bad light userdata pointer
base out of range
base64_decode
base64_encode
beforeScriptExecution
beforeScriptWithSourceMapExecution
binary_auto
binary_bc
binary_lz4
binary_zstd
boolean
boolean or proxy expected
breakpoint
breakpointId
breakpoint_get
breakpoint_remove
breakpoint_set
breakpoint_update
bss_start
bswapFlshift
buffer error
builtin#%d
bytecode instructions
c at end of pattern
c must be followed by an ASCII character
callFrameId
callFrames
callFunctionOn
calling '%s' on bad self (%s
canAccessOpener
cannot change a protected metatable
cannot close standard file
cannot load incompatible bytecode
cannot load malformed bytecode
cannot open %s: %s
cannot read %s: %s
cannot resume dead coroutine
cannot resume non-suspended coroutine
cannot resume running coroutine
cannot use '...' outside a vararg function
ceilDsqrt
char(%d
character
character value in \u.... sequence is too large
character value in \x{} or \o{} is too large
chunk has more than %d local variables
chunk has too many lines
chunk has too many syntax levels
className
clearAcceptedEncodingsOverride
clearerr
closed file
closing ) for (?C expected
collect
collectgarbage
columnNumber
command
comment
concatenate
conditional group contains more than two branches
configurable
connect
constants
context
context_get
context_names
continueToLocation
control structure too long
coroutine
coroutine expected
coroutine_list
createEyieldFresume
cstring
ctype_b_loc
currentline
cxa_atexit
cxa_finalize
cxa_guard_abort
cxa_guard_acquire
cxa_guard_release
cxa_pure_virtual
d %d %d %d
data error
data.rel.ro
debug command
debugCommand
debuggerId
deflate failed, result %d
description
description" : "Lua VM Debugging", "devtoolsFrontendUrl" : "/devtools/inspector.html?ws=localhost:41000/process/%u/%s", "id" : "%s", "title" : "%s", "url" : "http://vscript/lua/%s", "type" : "page", "webSocketDebuggerUrl" : "ws://localhost:41000/process/%u/%s
detachFromTarget
different names for subpatterns of the same number are not allowed
digit expected after
disable
disabled
disallowed Unicode code point (>= 0xd800 && <= 0xdfff
dl_iterate_phdr
dlclose
dlerror
ds/shareH
duplicate label '%s
dynamic
dynstr
dynsym
e(D;e,v
eh_frame
eh_frame_hdr
enabled
encoding
endColumn
endLine
enumerable
errno_location
erroffset passed as NULL
error in error handling
error loading module '%s' from file '%s
errorEpcall
evaluate
evaluate ignored
evaluateOnCallFrame
exception
exceptionDetails
exceptionId
executionContextId
expression
external hook
f %f %f %f
failed to get memory
feature
feature_get
feature_name
feature_set
ffffff
field '%s' missing in date table
file (%p
file (closed
file error
file:///e:/work/valve/source2/main/game/core/scripts/vscripts/animationsystem/animationsysteminit.lua
filename
fileuri
fini_array
float32
float64
fmodEldexpCmin
fopen64
for control
for generator
for index
for limit
for state
for step
for' initial value must be a number
for' limit must be a number
for' step must be a number
foreachDgetn
foreachi
fprintf
frU%D4fr
fseeko64
ftello64
fullname
function
function arguments expected
function at line %d has more than %d %s
function or expression too complex
function or level expected
function too long for return fixup
function: builtin#%d
functionName
g %g %g %g
g is not followed by a braced, angle-bracketed, or quoted name/number or by a plain number
g_bUpdateStringTokenDatabase
g_pMemAlloc
gcc_except_table
generic
get length of
getIsolateId
getNavigationHistory
getPossibleBreakpoints
getProperties
getResourceTree
getScriptSource
getVersion
getfenv
gethook
getinfo
getlocal
getmetatable
getmetatableLsetmetatable
getregistry
getupvalue
globalThis.__jsDebugIsReady = true
gmon_start
gnu.hash
gnu.version
gnu.version_r
gnu_debuglink
goto %s> jumps into the scope of local '%s
group name must start with a non-digit
gxx_personality_v0
h[A\A]A^A
handle_lightbinding
header crc mismatch
hideHighlight
hitBreakpoints
hit_condition
hit_count
hit_value
hscript
hscript_lightbinding
http://vscript/lua/%s
in function '%s
in function <%s:%d
in main chunk
incompatible version
inconsistent NEWLINE options
incorrect data check
incorrect header check
incorrect length check
index out of range
index__newindex__gc__mode__eq__len__lt__le__concat__call__add__sub__mul__div__mod__pow__unm__metatable__tostring__new
inflate failed, result %d
init_array
instrumentation
insufficient memory
integer
internal error: code overflow
internal error: missing capturing bracket
internal error: opcode not recognized
internal error: overran compiling workspace
internal error: previously-checked referenced subpattern not found
internal error: unexpected repeat
internal error: unknown opcode in find_fixedlength
invalid
invalid UTF-16 string
invalid UTF-32 string
invalid UTF-8 string
invalid bit length repeat
invalid block type
invalid capture index
invalid code -- missing end-of-block
invalid code lengths set
invalid condition (?(0
invalid distance code
invalid distance too far back
invalid distances set
invalid escape sequence
invalid escape sequence in character class
invalid format
invalid format (repeated flags
invalid format (width or precision too long
invalid key to 'next
invalid level
invalid literal/length code
invalid literal/lengths set
invalid long string delimiter
invalid option
invalid option '%%%c' to 'format
invalid option '%s
invalid order function for sorting
invalid pattern capture
invalid range in character class
invalid replacement value (a %s
invalid stored block lengths
invalid value
invalid value (%s) at index %d in table for 'concat
invalid window size
is an invalid data character in JavaScript compatibility mode
isoc99_fscanf
isvararg
js_array
js_object
js_raw_args
js_value
json/list
json/version
k is not followed by a braced, angle-bracketed, or quoted name
l$XUSRQP
language
languages/lua/vlua/vlua.cpp
lastlinedefined
ld-linux-x86-64.so.2
level out of range
lexical element too long
libc.so.6
libdl.so.2
libm.so.6
libpthread.so.0
libstdc++.so.6
libtier0.so
libvscript.so
libvscript.so.dbg
lineNumber
lj_alloc_f_VALVE_OVERRIDEN
loaders
loadfile
loadfile requires a filename argument
loadlib
loadstring
local variables
location
locations
lookbehind assertion is not fixed length
loop in gettable
loop in settable
loop or previous error loading module '%s
lua;/usr/local/share/luajit-2.0.4/?.lua;/usr/local/share/lua/5.1/?.lua;/usr/local/share/lua/5.1/?/init.lua
luaJIT_BC_%s
luaJIT_setmode
luaJIT_version_2_0_4
luaL_addlstring
luaL_addstring
luaL_addvalue
luaL_argerror
luaL_buffinit
luaL_callmeta
luaL_checkany
luaL_checkinteger
luaL_checklstring
luaL_checknumber
luaL_checkoption
luaL_checkstack
luaL_checktype
luaL_checkudata
luaL_error
luaL_execresult
luaL_fileresult
luaL_findtable
luaL_getmetafield
luaL_gsub
luaL_loadbuffer
luaL_loadbufferx
luaL_loadfile
luaL_loadfilex
luaL_loadstring
luaL_newmetatable
luaL_newstate
luaL_openlib
luaL_optinteger
luaL_optlstring
luaL_optnumber
luaL_prepbuffer
luaL_pushresult
luaL_ref
luaL_register
luaL_traceback
luaL_typerror
luaL_unref
luaL_where
lua_VALVE_HOOK_ALLOCATIONS
lua_VALVE_OVERRIDE_MMAP
lua_assert_on_error
lua_atpanic
lua_call
lua_checkstack
lua_close
lua_concat
lua_cpcall
lua_createtable
lua_debug
lua_dump
lua_equal
lua_error
lua_getallocf
lua_getfenv
lua_getfield
lua_gethook
lua_gethookcount
lua_gethookmask
lua_getinfo
lua_getlocal
lua_getmetatable
lua_getstack
lua_gettable
lua_gettop
lua_getupvalue
lua_insert
lua_iscfunction
lua_isnumber
lua_isstring
lua_isuserdata
lua_lessthan
lua_load
lua_loadx
lua_newstate
lua_newthread
lua_newuserdata
lua_next
lua_objlen
lua_pcall
lua_pushboolean
lua_pushcclosure
lua_pushfstring
lua_pushinteger
lua_pushlightuserdata
lua_pushlstring
lua_pushnil
lua_pushnumber
lua_pushstring
lua_pushthread
lua_pushvalue
lua_pushvfstring
lua_rawequal
lua_rawget
lua_rawgeti
lua_rawset
lua_rawseti
lua_remove
lua_replace
lua_report_memory
lua_resume
lua_setallocf
lua_setfenv
lua_setfield
lua_sethook
lua_setlocal
lua_setmetatable
lua_settable
lua_settop
lua_setupvalue
lua_shipping_assert_on_error
lua_status
lua_toboolean
lua_tocfunction
lua_tointeger
lua_tolstring
lua_tonumber
lua_topointer
lua_tothread
lua_touserdata
lua_type
lua_typename
lua_upvalueid
lua_upvaluejoin
lua_xmove
lua_yield
luadbg_inspector
luajit
luaopen_%s
luaopen_base
luaopen_bit
luaopen_debug
luaopen_io
luaopen_math
luaopen_package
luaopen_string
luaopen_table
main function has more than %d %s
malformed \P or \p sequence
malformed number
malformed number or name after
malformed pattern (ends with
malformed pattern (missing
mathlib.cpp
max_children
max_data
max_depth
memcpy_chk
memmove
metamethod
missing
missing '[' after '%f' in pattern
missing ) after comment
missing opening brace after \o
missing terminating ] for character class
module '%s' not found:%s
module' not called from a Lua function
mprotect
nIcK`Ic
name conflict for module '%s
name is too long in (*MARK), (*PRUNE), (*SKIP), or (*THEN
name> or '...' expected
namewhat
need dictionary
newValue
newindex
newproxy
nil or table expected
no calling environment
no error
no failure reason set
no field package.preload['%s
no file '%s
no loop to break
no module '%s' in file '%s
no value
nodeVersion
non-hex character in \x{} (closing brace missing
non-octal character in \o{} (closing brace missing
not enough memory
note.gnu.build-id
nothing to repeat
nparams
number
number after (?C is > 255
number is too big
number too big in {} quantifier
numbers out of order in {} quantifier
numchildren
objectId
octal value is greater than \377 in 8-bit non-UTF-8 mode
op/conteH
operand of unlimited repeat could match the empty string
or 'in' expected
p$9p sAH
p$9p sLD
p[A\A]A
package
package.%s' must be a string
package.loaders' must be a table
package.preload' must be a table
pagesize
panorama
parentheses are too deeply nested
parentheses are too deeply nested (stack check
parentheses nested too deeply
pattern too complex
perform arithmetic on
permessage-deflate
preload
printstack
process/%u
process/%u/%s
processId
product
property
property_get
property_set
protocolVersion
protocol_version
pthread_key_create
pthread_mutex_lock
pthread_mutex_unlock
pthread_once
quaternion
radClogEatan2
randomseed
range out of order in character class
rawequal
reader function must return a string
recursive call could loop indefinitely
reference to non-existent subpattern
regular expression is too large
rela.dyn
rela.plt
releaseObjectGroup
removeBreakpoint
repeated subpattern is too long
repeating a DEFINE group is not allowed
require
require('module').builtinModules
resource
resource_name
resourcehandle
response
restart
restartFrame
restartFrame is not supported
return %s
returnType
revision
rodata
rorDband
runIfWaitingForDebugger
running
runtime code generation failed, restricted kernel
s %p [%f %f %f
s <null
s called with %d arguments - expected %d
s called with %d arguments - expected %d-%d
s connection attempt timed out
s connection attempt to %s timed out
s expected, got %s
s has no instance glue - are you doing objectName.%s instead of objectName:%s
s near '%s
s parameter %d: expected %s but got %s
s' expected
s' expected (to close '%s' at line %d
s/workshH
s: Invalid capacity %u
s: Invalid grow amount %d
schemasystem
scopeChain
scopeNumber
script
scriptId
scriptSource
scripts/H
scripts/vscripts/%s
searchpath
selectHtonumber
session
sessionId
setAdBlockingEnabled
setAsyncCallStackDepth
setAttachDebugStack
setAutoAttach
setAutoDarkModeOverride
setBlackboxPatterns
setBreakOnCSPViolation
setBreakpoint
setBreakpointByUrl
setBreakpointsActive
setCacheDisabled
setDiscoverTargets
setEmitTouchEventsForMouse
setEmulatedMedia
setEmulatedVisionDeficiency
setFocusEmulationEnabled
setForceUpdateOnPageLoad
setInstrumentationBreakpoint
setPauseOnExceptions
setPausedInDebuggerMessage
setRemoteLocations
setReturnValue
setReturnValue is not supported
setShowViewportSizeOnResize
setTouchEmulationEnabled
setVariableValue
setfenv
setfenv' cannot change environment of given object
setfenvFrawget
sethook
setlocal
setmetatable
setpause
setsockopt
setstepmul
setting UTF is disabled by the application
setupvalue
setvbuf
short_src
shstrtab
shutdown
singletons.cpp
so;/usr/local/lib/lua/5.1/?.so;/usr/local/lib/lua/5.1/loadall.so
soundevent
sourceURL
sourceid
spare error
sprintf
stack overflow
stack overflow (%s
stack traceback
stack_chk_fail
stack_get
standard file is closed
startColumn
startLine
startScreencast
startViolationsReport
starting
steamappH
stepInto
stepOut
stepOver
step_into
step_out
step_over
stopScreencast
stopViolationsReport
stopped
stopping
stream end
stream error
strerror
string
string H
string length overflow
string slice too long
string/function/table expected
string_t
strpbrk
strrchr
strtoul
subclass
subpattern name expected
subpattern name is too long (maximum 32 characters
subtype
success
support for \P, \p, and \X has not been compiled
suspended
syntax error
syntax error in subpattern name (missing terminator
tE[A\A]A
tF[A\A]A
tJHcShH
table index is NaN
table index is nil
table overflow
tail return
takeComputedStyleUpdates
targetId
targetInfo
temp_unserialization_member
temporary
this version of PCRE is compiled without UTF support
this version of PCRE is not compiled with Unicode property support
timestamp
tls_get_addr
tmpfile
tmpfile64
too many arguments
too many captures
too many forward references
too many length or distance symbols
too many named subpatterns (maximum 10000
too many nested functions
too many results to unpack
tostring
tostring' must return a string to 'print
traceback
trackComputedStyleUpdates
transaction_id
trueHtostring
two named subpatterns have the same name
typeDnext
typeof process === 'undefined' || process.pid === undefined ? 'process not defined' : ({ processId: process.pid, nodeVersion: process.version, architecture: process.arch
typeof process === 'undefined' || process.pid === undefined ? 'process not defined' : Object.assign(process.env
u nesting levels not completed
u6[]A\A]A
unable to dump given function
unable to generate a unique filename
unbalanced pattern
uncaught
undefined
undefined label '%s
unexpected symbol
unfinished capture
unfinished long comment
unfinished long string
unfinished string
uniqueId
unknown
unknown POSIX class name
unknown compression method
unknown error
unknown header flags set
unknown option bit(s) set
unknown or incorrect option bit(s) set
unknown or malformed optimization flag '%s
unknown property name after \P or \p
unknown value type %d
unknown_variant_type
unmatched parentheses
unrecognized character after
unrecognized character after (? or
unrecognized character after (?P
unrecognized character follows
unserializableValue
unsigned
upvalue
upvalueid
upvaluejoin
upvalues
urlRegex
urn:debugger_protocol_v1
userAgent
userdata
userdata length overflow
userdata_metatable
utE<vt*<nt
utlstringtoken
v+<Ht_<Xt[<7uyH
v15.0.0
v59D$8v
value expected
var/srcH
vararg
variable names
variableName
variant
vector2
vector2d
vector3
vector4
vector4d
vscript
vscript.LuaDbg
vscriptdebug_script
vscriptsH
w$tN9OX
waitForDebugger
waitingForDebugger
webSocketDebuggerUrl
writable
wrong number of arguments to 'insert
ws://127.0.0.1
x%llx_%s
x[A\A]A^A
xml version="1.0" encoding="UTF-8
z>VApplication001
