0  @  0
0 0 0 0
0 0 0 255
0000  0
0000P`00
008@HPX
0123456789:;<=>?@abcdefghijklmnopqrstuvwxyz[\]^_`ABCDEFGHIJKLMNOPQRSTUVWXYZ
0123456789:;<=>?@abcdefghijklmnopqrstuvwxyz[\]^_`abcdefghijklmnopqrstuvwxyz
0123456789ABCDEF
0123456789ABCDEFPX
0123456789abcdef
0123456789abcdefpx
016llx
0@@000000000000000000000000
0H#89W0v
0HcS(H
0[A\A^A
10B99CC24B46CCF94E0E371687C756DB
10IAppSystem
127.0.0.1
1434713789_main
14CBaseAppSystemI14IScriptManagerE
14CScriptManager
14IScriptManager
15CTier0AppSystemI14IScriptManagerLx0EE
15CTier1AppSystemI14IScriptManagerLx0EE
15CTier2AppSystemI14IScriptManagerLx0EE
15IScriptDebugger
16CLuaDbgInspector
17ILuaDbgConnection
20CPostConnectCallback
22CSchemaInstallCallback
23456789
24IStack_VM_Segment_Marker
258EAFA5-E914-47DA-95CA-C5AB0DC85B11
28CStack_Lua_VM_Segment_Marker
2TIJAULH
2TIJAULH1
30ph22;Uzj
33333333H
3;CScs
6CLuaVM
6CNopVM
7CLuaDbg
8CLuaDBGp
8[A\A]A^A
8[A\A^A
9F0vSHc
9IScriptVM
9wDv(H
A+t$X~9I
A9@(w#H
A9@(w+H
A9D$HtG
A9Ept'L
A9EptNL
A9Epu{L
A;S$}WA
A;T$8sHL
A;W8sAL
A;W8sBL
A;W8s^L
A;W@v0A
ANYCRLF
APPSYSTEM: In ConnectInterfaces(), s_nRegistrationCount is %d
ATASAVARA`=A
AUASASA` B
AUATASARAQAPWVUH
AWAVATS
AWAVATSA
AWAVATSH
AWAVATSI
AWAVATSM
AWAVATSP
AWAVATSPH
AWAVATSPI
AWAVATSPL
AWAVAUATS
AWAVAUATSD
AWAVAUATSH
AWAVAUATSI
AWAVAUATSL
AWAVAUATSP
AWAVAUATSPA
AWAVAUATSPD
AWAVAUATSPE
AWAVAUATSPH
AWAVAUATSPH9
AWAVAUATSPI
AWAVAUATSPL
AWAVAUATSPM
AWAVSPA
AWAVSPE
AWAVSPH
AWAVSPH9
AWAVSPI
AWAVSPL
AWAVSPM
A\A]A^A
A]A[AVBTB
AlignedByteArray not properly aligned
AnimGraphEditorUtils001
AnimationSystemUtils_001
AnimationSystem_001
Armenian
AssetBrowserSystem_001
AssetPreviewSystem_001
AssetRenameSystem_001
AssetSystem001
AssetSystemTest001
Attempted to ConvertToCopiedData for unsupported type (%d
Audits
Avestan
B [A^A
BSR_ANYCRLF
BSR_UNICODE
BTBVBSASASASASASASASASBp
BakedLODBuilderMgr001
Balinese
BenchmarkService001
Bengali
BinaryProperties_GetValue
BitwiseAnd
BitwiseNot
BitwiseOr
BitwiseXor
Bopomofo
Braille
Breakpoint type (%s) not supported
Browser
Browser" : " INSPECTOR_BROWSER_NAME ", "Protocol-Version" : " INSPECTOR_PROTOCOL_VERSION ", "User-Agent" : " INSPECTOR_USER_AGENT ", "webSocketDebuggerUrl" : "ws://localhost:41000/process/%u
Buginese
C H+C8H
C H9C(v
C H;C(r
C H;C(s
C H;C(s-H
C not allowed in lookbehind assertion
C(H+C H
C(H;C0r
C(H;C0s
C++ exception
C0H+C(E
C0H+C(E1
C0H+C(H
C8;D$8w
C8[A\A^A
C@9CHt5
C@9CHtM
CCommand::Tokenize: Encountered command which overflows the tokenizer buffer.. Skipping
CDATA[%s
CMemAllocSystemInitialize
CP<Et!<Ou(H
CRC32_ProcessBuffer
CRC64_ProcessBuffer
CUUUUUU
C`L9(t+I
Can't call %s:%s on an object of type %s
Canadian_Aboriginal
Cannot recover from failed socket shutdown. (error %d
CharacterSetBuild
Cherokee
Cjf;Chu
ClearBit
CommandLine
Compressed message sent without compression enabled
Conditional breakpoints are not supported
Connection
Connection: Upgrade
Connection:Close
Constructor called without a class constructor - internal error
Content-Length
Content-Length:%u
Content-Type:application/json; charset=UTF-8
Couldn't find GET URL
Couldn't find HTTP version after GET
CreateInterface
Cuneiform
Cypriot
Cyrillic
D$ I;D$(s
D$ tU;S8
D$(I;D$0r
D$0D9`0s
D$@A9D$H
D$@A9D$Ht
D$@A9D$Ht;D
D$@A9D$HtN
D$@A9D$HtQA
D$@u8fE
D$P+D$8+D
D$XI;D$0u
D$dA9D$pu
D+d$PD+d$8D+d$(A
DEFINE group contains more than one branch
DOM.getDocument
DOMDebugger
DbyteDcharCsub
Debugger
Debugger connected, break-in requested when %s runs
Debugger.breakpointResolved
Debugger.paused
Debugger.resumed
Debugger.scriptParsed
DebuggerBreak
Debugging stopped
Deflate data does not end with required tail
DeflateInit2 failed
DemoUpconverterVersion001
Deseret
Devanagari
DynASM 1.5.0
E(H;E0r
E(H;E0r3H
E;nPs,I
EECC228811
EEEAL@MM@L
ERCPuED
ERROR: Debugger.getScriptSource: invalid scriptId '%s' requested
ERROR: Debugger.getScriptSource: no scriptId given
EX$@tpI
EXPORTSYSTEM_INTERFACE_VERSION_001
EarlyInit_Tier0
EconItemToolModel_001
Egyptian_Hieroglyphs
Emulation
EngineServiceMgr001
Epairs
Error text not found (please report
Error: Duplicate command handler registered (%s
Ethiopic
EtobitDbnotEbswapFlshift
F(I+F H
F(I;F0r
F,D+v(I
F0[A^A
FATAL ERROR: unable to register all schema data: %s
FFFFFFFFFFFFFFFF
Failed to accept an incoming %s connection
Failed to complete a %s connection to %s
Failed to find %s
Failed to read %s
Fassert
Fipairs
FlattenedSerializersVersion001
FontManager_001
Forward
G H;G(s8H
G H;G(sCH
G H;G(sHH
G H;G(sSH
G H;G(snH
G H;G(sqH
G H;G(s{H
G H;G(s}H
G H;G(tLH
G I;G(s
G IcOlH
G(H+G H
G(H;G0r
G(H;G0s
G(I;G0r
G@IcOlH
GET %s HTTP/1.1
GET /json HTTP/1.1
GET /json/version HTTP/1.1
GPIcOhH
GameResourceServiceClientV001
GameResourceServiceServerV001
GameUIService_001
Generate a random floating point number within a range, inclusive
Generate a random integer within a range, inclusive
Georgian
GetCPUInformation
GetResourceManifest
GetResourceManifestCount
GetResourceManifests
Glagolitic
Global
Global scope
Globals
Gujarati
Gurmukhi
H#D$ tP1
H(H+H H
H(H;H t
H(IcWtH
H(L+H I
H*0"ZOW
H;E0w?H
H;E0wnH
H;G(s"L
H;G(s(H
H;G(s)H
H;G(s*H
H;K(s!H
H;M0wnH
H;_(saL
H;o(s?H
H;o(sCH
H;o(sJH
H;s(s.H
HOOK_ALLOCATIONS
HTTP/1.1
HTTP/1.1 101
HTTP/1.1 101 Switching Protocols
HTTP/1.1 200 OK
HTTP/WebSocket
H[A\A]A^A
H__ZdaPv
H__ZdlPv
H__Znam
H__ZnamRKSt9nothrow_t
H__Znwm
H__ZnwmRKSt9nothrow_t
HammerMapLoader001
Hanunoo
HelpSystem_001
Hiragana
Host:%s
HostStateMgr001
Ht9<XufI
I H;L$P
I H;L$Pu
I;D$0u
I;L$ u3D
IGNORING Event '%s
IGNORING Result for %llu
IGNORING Runtime.getProperties for '%s
INSPECTOR ERROR: %s
IcL$X9
IiGM>nw
Imperial_Aramaic
Incoming Inspector message: %s
InflateInit2 failed
Inherited
InputService_001
InputStackSystemVersion001
InputSystemVersion001
Inscriptional_Pahlavi
Inscriptional_Parthian
Inspector
Inspector /json
Inspector WebSocket
Inspector client connected on port %u
Inspector message does not have a method or result
Inspector message result is not a table
InstallSchemaBindings
Intentionally vague touch behavior for %p
Invalid WS leader 0x%02x
Invalid WebSocket message received
Invalid connection type
Invalid context (id=%d
Invalid continueToLocation message
Invalid evaluate message
Invalid evaluateOnCallFrame message
Invalid getProperties message
Invalid removeBreakpoint message
Invalid setBreakpoint message
Invalid setBreakpointByUrl message
Invalid setInstrumentationBreakpoint message
Invalid setVariableValue message
Invalid stack level (%d
IsBitSet
IsNull called without an object - did you call obj.IsNull() instead of obj:IsNull
JIT compiler disabled
Javanese
JsVersion
K H+K8H
K(H+K H
K0H+K(H
Kannada
Katakana
Kayah_Li
KeyValueCache001
Kharoshthi
L$D;L$Ht
L;T$XuIA
L;t$Hs+H
LIMIT_MATCH
LIMIT_RECURSION
LINKEDIT
LOADED
LOADLIB
LOADLIB: %s
LOG_GENERAL
LUA Memory usage warning: The VM has hit a new high usage of %s bytes
LUA Memory usage: The VM has a usage of %s bytes
LUA_CPATH
LUA_NOENV
LUA_PATH
Length2D
Linear_B
LoadAndCompileScriptFile: Failed to compile script file "%s
LoadAndCompileScriptFile: No filesystem found
LoadAndCompileScriptFile: Script file "%s" type does not match VM type
Localize_001
Log.entryAdded
LoggingSystem_IsChannelEnabled
LoggingSystem_Log
LoggingSystem_RegisterLoggingChannel
Lua 5.1
Lua DBGp
Lua function expected
LuaDBGp
LuaDBGp: <-- %s
LuaDBGp: Failed to connect to %s:%d
LuaDBGp: Retrying to connect to %s:%d in 1s (%d/%d
LuaDBGp: Succeeded to connect to %s:%d
LuaDBGp: Trying to connect to %s:%d
LuaDBGp: Unknown command received from the IDE - "%s
LuaDbg - Debugging started for %s
LuaDbg - Debugging stopped
LuaDbgFakeModule
LuaTable
M(;M,vhH
MARK) must have an argument
MATCHFRAMEWORK_001
MLA;MP
MODEL_PROCESSING_SCRIPT_INTERFACE_001
MODEL_PROCESSING_SERVICES_INTERFACE_001
Malayalam
Malformed VMDbg Runtime.getProperties for '%s
Mandaic
MapListService_001
MaterialUtils_001
Meetei_Mayek
MemAlloc_AllocFunc
MemAlloc_FreeFunc
MemAlloc_StrDupFunc
Meroitic_Cursive
Meroitic_Hieroglyphs
MeshSystem001
MeshUtils001
Message count limit of %d hit. Subsequent duplicate messages will be squelched
Missing breakpoint data ( breakpoint with ID %s
Missing breakpoint with given ID %s
ModelDocUtils001
Mongolian
Multiple locals named '%s
Myanmar
N is not supported in a class
N(A+N8H
N(I+N H
N,A+F(A
NO_AUTO_POSSESS
NO_START_OPT
Network
NetworkClientService_001
NetworkMessagesVersion001
NetworkP2PService_001
NetworkServerService_001
NetworkService_001
NetworkSystemVersion001
New_Tai_Lue
Newline in string literal
No closing */ before end of file
No conversion from %s to float now
No conversion from %s to int now
No conversion from %s to string at the moment
No conversion from %s to uint now
No free conversion of %s variant to %s right now
No function binding found
No local named '%s
NodeWorker
Normalized
Not sure how we got here
O@IcGlH
OVERRIDE_MMAP
Offffff
Ol_Chiki
Old_Italic
Old_Persian
Old_South_Arabian
Old_Turkic
Ordered constructor wrapped type has no default constructor
Osmanya
Overlay
P(H;P t
P@p00P`0P
PACKAGE
PANIC: unprotected error in call to Lua API
PCRE does not support \L, \l, \N{name}, \U, or \u
POSIX collating elements are not supported
POSIX named classes are supported only within a class
PPP@0 0@00
PPPPPPPPPPPP
PRELOAD
PRNG state must be an array with up to 8 integers or an integer
P[A\A^A
PanoramaTextServices001
PanoramaUIClient001
PanoramaUIEngine001
Parameter type mismatch
ParticleSystemMgr003
Phags_Pa
Phoenician
PhysicsBuilderMgr001
Plat_DebugPrint
Plat_ExitProcess
Plat_FatalErrorFunc
Plat_IsFile
Plat_IsInDebugSession
Plat_MSTime
Plat_MSTime64
Plat_NonFatalErrorFunc
Plat_RelativeTicks
Plat_ShouldCollectMiniDumpsForFatalErrors
Plat_TickDiffSec
Plat_TicksAfterMilliSecs
Plat_VirtualAlloc
Plat_VirtualFree
PostProcessingSystem_001
Print a message
Print a warning
Profiler
PropertyEditorSystem_001
QQQQQQQQQQGQQQQQYYYYQQQQREQQQQQQRRRRRRRR
QQQQQQQQQQQQQQQQQQ
QQQQRRRRRRRRRRRRRRRR
QQcfQQQQQQ
Quaternion
R or (?[+-]digits must be followed by
RARARARARARA\D`BAp
RASATASB
RA`BAUASASASASA
RBp(RBp(RBp(RBp(RBp(RBp(RBp(RBp(RBp(RBp(RBp(RBp(RBp(RBp(p T
RKSt9nothrow_t
RRRRRRQRQ
RRRRRRRR
RRRRRRRR4Q5QQQQQ
RRRRRRRREEGRQQQQ
RandomFloat
RandomInt
Receive buffer overflow for %s
Received request doesn't look like an HTTP GET
RegisterConCommand: Unknown error registering con command "%s
RegisterConVar: Unknown error registering convar "%s
RegisterStringToken
Release
RenderDevice003
RenderDeviceMgr001
RenderHardwareConfig002
RenderService_001
RenderUtils_001
ResourceCompilerSystem001
ResourceHandleUtils001
ResourceManifestRegistry001
ResourceSystem013
Runtime
Runtime.executionContextCreated
S(H+S H
SOCKET_ERR_ACCEPT_FAILED
SOCKET_ERR_BAD_USER_DATA
SOCKET_ERR_BIND_OPERATION_FAILED
SOCKET_ERR_CANT_WRITE
SOCKET_ERR_CONNECTION_CLOSED
SOCKET_ERR_CONNECTION_RESET
SOCKET_ERR_CONNECT_FAILED
SOCKET_ERR_CREATE_FAILED
SOCKET_ERR_ENABLE_BLOCKING_MODE_FAILED
SOCKET_ERR_ENABLE_NON_BLOCKING_MODE_FAILED
SOCKET_ERR_EVENT_SELECT_FAILED
SOCKET_ERR_GENERAL_SOCKET_ERROR
SOCKET_ERR_HOST_NOT_FOUND
SOCKET_ERR_INVALID_CONNECTION
SOCKET_ERR_LISTEN_FAILED
SOCKET_ERR_MIXING_PACKET_SENDS
SOCKET_ERR_NO_AVAILABLE_ENDPOINTS
SOCKET_ERR_NO_INCOMING_CONNECTIONS
SOCKET_ERR_OPERATION_NOT_SUPPORTED
SOCKET_ERR_PARTIAL_PACKET_OVERFLOW
SOCKET_ERR_POLLING_OPERATION_FAILED
SOCKET_ERR_READ_OPERATION_FAILED
SOCKET_ERR_READ_OPERATION_WOULD_BLOCK
SOCKET_ERR_WRITE_OPERATION_FAILED
SOCKET_ERR_WRITE_OPERATION_WOULD_BLOCK
SSE and SSE2 are required
SSSSSSSS
Samaritan
Saurashtra
SceneSystem_002
SceneUtils_001
SchemaSystem_001
SchemaTestExternal_One_001
SchemaTestExternal_Two_001
Script Runtime Error: %s
Script load error for script
Script_Msg
Script_Warning
Sec-WebSocket-Accept
Sec-WebSocket-Accept: %s
Sec-WebSocket-Extensions
Sec-WebSocket-Extensions: permessage-deflate
Sec-WebSocket-Key
Sec-WebSocket-Key: %s
Sec-WebSocket-Version
Sec-WebSocket-Version: 13
See locals
Sending text WebSocket message: %s
SerializedEntitiesVersion001
ServiceWorker
Sharada
Shavian
Sinhala
Socket error: %d
Sora_Sompeng
SoundOpSystem001
SoundOpSystemEdit001
SoundService_001
SoundSystem001
Source2Client002
Source2ClientPrediction001
Source2ClientUI001
Source2EngineToClient001
Source2EngineToClientStringTable001
Source2EngineToServer001
Source2EngineToServerStringTable001
Source2GameClients001
Source2GameEntities001
Source2Host001
Source2Server001
Source2V8System001
StatsService_001
SteamAudio001
Success
Sundanese
Syloti_Nagri
System/Library/Frameworks/CoreServices.framework/Versions/A/CoreServices
System/Library/Frameworks/Foundation.framework/Versions/C/Foundation
T$(H9T
T$8+T$HH
T$@A9T$H
T$D;T$Hu
TQSQQRQQ
Tagalog
Tagbanwa
Tai_Tham
Tai_Viet
Target
Target.attachedToTarget
Target.targetCreated
TestFormatA
TestFormatB
TestFormatC
TestFormatD
TestFormatE
TestScriptMgr001
TextLayout_001
The function %s requires too many parameters
This convar is being accessed prior to ConVar_Register being called
This object has been deleted from C++ and no longer exists. (Use :IsNull() to detect this
ThreadGetCurrentId
ThreadGetCurrentProcessId
ThreadSleep
Tibetan
Tifinagh
ToHexString
ToggleBit
ToolFramework2_002
ToolSceneNodeFactory_001
ToolService_001
Trying to set a breakpoint with missing file/line. Ensure the file is part of the Eclipse project (refresh project is necessary) and reopen the file in Eclipse
UASASB
UAWAVATS
UAWAVATS1
UAWAVATSA
UAWAVATSH
UAWAVATSI
UAWAVATSM
UAWAVAUATSH
UAWAVAUATSI
UAWAVAUATSP
UAWAVAUATSP9
UAWAVAUATSPA
UAWAVAUATSPD
UAWAVAUATSPE
UAWAVAUATSPH
UAWAVAUATSPI
UAWAVAUATSPL
UAWAVAUATSPf
UAWAVSD
UAWAVSH
UAWAVSL
UAWAVSP
UAWAVSPA
UAWAVSPD
UAWAVSPH
UAWAVSPI
UAWAVSPL
UNHANDLED Audits Inspector sub-method '%s
UNHANDLED Browser Inspector sub-method '%s
UNHANDLED CSS Inspector sub-method '%s
UNHANDLED DOM Inspector sub-method '%s
UNHANDLED DOMDebugger Inspector sub-method '%s
UNHANDLED Debugger Inspector sub-method '%s
UNHANDLED Inspector Inspector sub-method '%s
UNHANDLED Inspector method '%s
UNHANDLED Log Inspector sub-method '%s
UNHANDLED Network Inspector sub-method '%s
UNHANDLED NodeWorker Inspector sub-method '%s
UNHANDLED Overlay Inspector sub-method '%s
UNHANDLED Page Inspector sub-method '%s
UNHANDLED Profiler Inspector sub-method '%s
UNHANDLED Runtime Inspector sub-method '%s
UNHANDLED ServiceWorker Inspector sub-method '%s
UNHANDLED Target Inspector sub-method '%s
UNHANDLED WS payload size %llu
UNHANDLED non-text WS content type %u
USAWAVH
UUUUUU
UUUUUUUUH
Ugaritic
Unable to connect to debugger
Unable to convert Inspector /json to KV3, '%s
Unable to convert Inspector JSON to KV3, '%s
Unable to convert setVariableValue value
Unable to create environment
Unable to set URL breakpoint at %s:%u
Unable to set breakpoint at %s:%u
Unable to set instrumentation breakpoint
Unable to set temporary breakpoint at %s:%u
Unable to set value of '%s
Unable to update line number for the breakpoint with ID %s
Unexpected HTTP GET URL '%s
Unknown protocol
Unrecognized error
Unwind_DeleteException
Unwind_GetCFA
Unwind_GetIP
Unwind_RaiseException
Unwind_Resume
Unwind_SetGR
Unwind_SetIP
Upgrade
Upgrade: WebSocket
Upvalue
Using WebSocket URL: %s
UtlMemory_Alloc
UtlMemory_CalcNewAllocationCount
VApplication001
VAsyncFileSystem2_001
VAvi001
VBik001
VConComm001
VERB) not recognized or malformed
VERSION
VEngineCvar007
VFileSystem017
VM handler failed
VMEVENTS
VMaterialSystem2_001
VMediaFoundation001
VPhysics2_Handle_Interface_001
VPhysics2_Interface_001
VProcessUtils002
VProfService_001
VRenderDeviceSetupV001
VScript
VScript Lua: Unhandled variant type %s
VScriptDbg
VScriptManager010
VStringTokenSystem001
V_FixSlashes
V_IsAbsolutePath
V_PrettifyNum
V_StringAfterPrefix
V_StringAfterPrefixCaseSensitive
V_UnqualifiedFileName
V_acosd
V_acosf
V_asinf
V_atan2f
V_atanf
V_atof
V_atofloat32
V_atofloat64
V_atoi
V_atoi64
V_atoui64
V_cosd
V_cosf
V_expf
V_fmodf
V_fpclassifyd
V_isnand
V_logf
V_powd
V_powf
V_qsort_s
V_sincosf
V_sind
V_sinf
V_snprintf
V_sscanf
V_stricmp_fast
V_strncmp
V_strncpy
V_strnlen
V_strtoui64
V_tanf
V_vsnprintf
Vector2D
Vector4D
VisBuilder_001
WAITING FOR VSCRIPT DEBUGGER CONNECTION for script '%s' -- '-vscriptdebug_script' was provided on the command line
WARNING: Lua allocation of %llu failed
WARNING: Lua breakpoint regex '%s' did not compile
WARNING: Lua unable to create VM
WARNING: Lua unmap unable to decommit all pages
WARNING: Lua unmap unable to find %llu pages
WARNING: Unable to compile regex '%s', %s
WSAEACCES
WSAEADDRINUSE
WSAEADDRNOTAVAIL
WSAEAFNOSUPPORT
WSAEALREADY
WSAEBADF
WSAECANCELLED
WSAECONNABORTED
WSAECONNREFUSED
WSAECONNRESET
WSAEDESTADDRREQ
WSAEDQUOT
WSAEFAULT
WSAEHOSTDOWN
WSAEHOSTUNREACH
WSAEINPROGRESS
WSAEINTR
WSAEINVAL
WSAEISCONN
WSAELOOP
WSAEMFILE
WSAEMSGSIZE
WSAENAMETOOLONG
WSAENETDOWN
WSAENETRESET
WSAENETUNREACH
WSAENOBUFS
WSAENOPROTOOPT
WSAENOTCONN
WSAENOTEMPTY
WSAENOTSOCK
WSAEOPNOTSUPP
WSAEPFNOSUPPORT
WSAEPROTONOSUPPORT
WSAEPROTOTYPE
WSAEREMOTE
WSAESHUTDOWN
WSAESOCKTNOSUPPORT
WSAESTALE
WSAETIMEDOUT
WSAETOOMANYREFS
WSAEUSERS
WSAEWOULDBLOCK
Waiting for Inspector client to connect on port %u
Waiting for an incoming Inspector connection, %llus so far, timeout in %llus
Waiting for debugger connection
Warning
WebSocket
WebSocket URL
WorldRendererMgr001
X[A\A]A^A
Xbox VDP is not supported on this platform
Xt9<HufI
Y>t$7?H
You must construct it with ORDERED_CONSTRUCT macro in the dependency resolution function
Yu9fD9B
Z14V_stristr_fastPKcS0
Z15LoadKV3FromJSONP10KeyValues3P10CUtlStringPKcS4
Z17LoggingSystem_Logi17LoggingSeverity_t5ColorPKcz
Z17LoggingSystem_Logi17LoggingSeverity_tRK14LeafCodeInfo_tPKcz
Z22Assert_ConditionFailedRK34_AssertCompileTimeConstantStruct_t
Z22Assert_ConditionFailedRK34_AssertCompileTimeConstantStruct_tPKcz
Z6DevMsgPKcz
ZN10CUtlBuffer10ParseTokenEPK14characterset_tPcib
ZN10CUtlBuffer14EnsureCapacityEi
ZN10CUtlBuffer14PutFileContentEPKc
ZN10CUtlBuffer18AddNullTerminationEv
ZN10CUtlBuffer3GetEPvi
ZN10CUtlBuffer3PutEPKvi
ZN10CUtlBuffer6PrintfEPKcz
ZN10CUtlBuffer7SeekGetENS_10SeekType_tEi
ZN10CUtlBuffer8CheckPutEi
ZN10CUtlBuffer9PutStringEPKc
ZN10CUtlBufferC1EPKvii
ZN10CUtlBufferC1Eiii
ZN10CUtlString15FreeMemoryBlockEv
ZN10CUtlString3SetEPKc
ZN10CUtlString5PurgeEv
ZN10CUtlString6AppendEPKc
ZN10CUtlString6FormatEPKcz
ZN10CUtlString7AcquireEP13CBufferStringb
ZN10CUtlString9SetDirectEPKci
ZN10CUtlStringpLEPKc
ZN10CUtlStringpLEc
ZN12CSplitString9ConstructEPKcPS1_ib
ZN13CBufferString10FixSlashesEc
ZN13CBufferString11ToLowerFastEi
ZN13CBufferString12AppendFormatEPKcz
ZN13CBufferString13AppendFormatVEPKcP13__va_list_tag
ZN13CBufferString14EnsureCapacityEiPPcbb
ZN13CBufferString5PurgeEi
ZN13CBufferString6ConcatEPKcS1_z
ZN13CBufferString6FormatEPKcz
ZN13CBufferString6InsertEiPKcib
ZN13CBufferString7ReplaceEPKcS1_b
ZN13CBufferString8RemoveAtEii
ZN13CRawAllocator4FreeE18RawAllocatorType_tPvm
ZN13CRawAllocator5AllocE18RawAllocatorType_tmPm
ZN15CKeyValues_Data18Internal_SetStringEPKc
ZN15CUtlBinaryBlock9SetLengthEi
ZN15CUtlSymbolTable9AddStringEPKcPb
ZN15CUtlSymbolTable9RemoveAllEv
ZN15CUtlSymbolTableC1Eiib
ZN15CUtlSymbolTableD1Ev
ZN22CVariableBitStringBase6ResizeEi
ZN22CVariableBitStringBase8FreeIntsEv
ZN24CUtlMemoryBlockAllocator12AllocAndCopyEPKcj
ZN24CUtlMemoryBlockAllocatorC1Eij18RawAllocatorType_t
ZN24CUtlMemoryBlockAllocatorD1Ev
ZN42CVirtualMachineCallStackTranslationEncoder21EncodeAsNativePointerEPKcS1_j
ZN42CVirtualMachineCallStackTranslationEncoderC2EPKc
ZN42CVirtualMachineCallStackTranslationEncoderD2Ev
ZN5CSHA15FinalEv
ZN5CSHA15ResetEv
ZN5CSHA16UpdateEPKvj
ZN8netadr_t13SetFromStringEPKcb
ZN8netadr_t5SetIPEj
ZN8netadr_t7SetPortEt
ZN8netadr_t7SetTypeE12netadrtype_t
ZN9KeyValues6AddKeyEPKc
ZN9KeyValues6SetIntEPKci
ZN9KeyValues6SetPtrEPKcPv
ZN9KeyValues8SetColorEPKc5Color
ZN9KeyValues8SetFloatEPKcf
ZN9KeyValues9SetUint64EPKcy
ZN9KeyValuesC1EPKc
ZN9KeyValuesdlEPv
ZN9KeyValuesnwEm
ZNK10CUtlString21IsEqual_CaseSensitiveEPKc
ZNK10CUtlString27IsEqual_FastCaseInsensitiveEPKc
ZNK13CBufferString10StartsWithEPKc
ZNK15CUtlSymbolTable4FindEPKc
ZNK8netadr_t8ToStringEPcjb
ZNK8netadr_t9ToSockadrEP8sockaddr
ZNSt3__112basic_stringIcNS_11char_traitsIcEENS_9allocatorIcEEE6appendEPKc
ZNSt3__112basic_stringIcNS_11char_traitsIcEENS_9allocatorIcEEE9push_backEc
ZNV16CThreadSpinMutex4LockEPKciyj
ZSt9terminatev
ZTISt9bad_alloc
ZTVN10__cxxabiv117__class_type_infoE
ZTVN10__cxxabiv120__si_class_type_infoE
ZnamRKSt9nothrow_t
ZnwmRKSt9nothrow_t
a numbered reference must not be zero
accept
accessorPropertiesOnly
activelines
actualLocation
allmeta
ambiguous syntax (function call x new statement
an argument is not allowed for (*ACCEPT), (*FAIL), or (*COMMIT
architecture
argument is not a compiled regular expression
argument not compiled in 8 bit mode
arshift
assertion expected after
assertion failed
at end of pattern
atpanic
attachToBrowserTarget
attachToTarget
attached
attempt to %s %s '%s' (a %s value
attempt to %s a %s value
attempt to call a %s value
attempt to compare %s with %s
attempt to compare two %s values
attempt to load chunk with wrong mode
attempt to use a closed file
attempt to yield across C-call boundary
bad action while in __gc metamethod
bad argument #%d to '%s' (%s
bad light userdata pointer
bad options table
base out of range
base64_decode
base64_encode
beforeScriptExecution
beforeScriptWithSourceMapExecution
binary
binary_auto
binary_bc
binary_lz4
binary_zstd
boolean
boolean or proxy expected
breakpoint
breakpointId
breakpoint_get
breakpoint_remove
breakpoint_set
breakpoint_update
buffer
buffer error
buffinit
builtin
builtin#%d
builtin#I
builtin:%s
bytecode instructions
c at end of pattern
c must be followed by an ASCII character
c(D)k H
c(D)k M)g(u
callFrameId
callFrames
callFunctionOn
calling '%s' on bad self (%s
canAccessOpener
cannot change a protected metatable
cannot close standard file
cannot deserialize dictionary index %d
cannot deserialize tag 0x%02x
cannot load incompatible bytecode
cannot load malformed bytecode
cannot open %s: %s
cannot put buffer into itself
cannot read %s: %s
cannot resume dead coroutine
cannot resume non-suspended coroutine
cannot resume running coroutine
cannot serialize '%s
cannot use '...' outside a vararg function
cclosure
ceilDsqrt
cfunction
char(%d
character
character value in \u.... sequence is too large
character value in \x{} or \o{} is too large
children
chunk has more than %d local variables
chunk has too many lines
chunk has too many syntax levels
className
clearAcceptedEncodingsOverride
clearerr
closed file
closing ) for (?C expected
collect
collectgarbage
columnNumber
command
common
concatenate
condition
conditional group contains more than two branches
configurable
connect
constants
context
context_get
context_names
continueToLocation
control structure too long
coroutine
coroutine expected
coroutine_list
createEyieldFresume
cstring
currentline
cxa_atexit
cxa_begin_catch
cxa_call_unexpected
cxa_guard_abort
cxa_guard_acquire
cxa_guard_release
cxa_pure_virtual
d %d %d
d %d %d %d
d$@~ E1
data error
debug command
debugCommand
debuggerId
deflate 1.2.11 Copyright 1995-2017 Jean-loup Gailly and Mark Adler
deflate failed, result %d
deregister_frame
description
description" : "Lua VM Debugging", "devtoolsFrontendUrl" : "/devtools/inspector.html?ws=localhost:41000/process/%u/%s", "id" : "%s", "title" : "%s", "url" : "http://vscript/lua/%s", "type" : "page", "webSocketDebuggerUrl" : "ws://localhost:41000/process/%u/%s
detachFromTarget
dev/urandom
different names for subpatterns of the same number are not allowed
digit expected after
disable
disabled
disallowed Unicode code point (>= 0xd800 && <= 0xdfff
dlclose
dlerror
dlopen
dumpstack
duplicate label '%s
duplicate table key
dyld_stub_binder
e(E)u M)g
e(E)u M)g(L
e(E)} H
eh_frame
ehandle
enabled
encoding
endColumn
endLine
enumerable
erroffset passed as NULL
error in error handling
error loading module '%s' from file '%s
error object is not a string
errorEpcall
essthan
estudata
etmetafield
etthread
evaluate
evaluate ignored
evaluateOnCallFrame
exception
exceptionDetails
exceptionId
executionContextId
expression
external hook
f %f %f
f %f %f %f
failed to get memory
fclose
feature
feature_get
feature_name
feature_set
ferror
fff>fff>fff>fff
ffffff
fflush
field '%s' missing in date table
file (%p
file (closed
file error
file:///e:/work/valve/source2/main/game/core/scripts/vscripts/animationsystem/animationsysteminit.lua
filename
fileuri
float32
float64
fmodEldexpCmin
for control
for generator
for index
for limit
for state
for step
for' initial value must be a number
for' limit must be a number
for' step must be a number
foreach
foreachi
frU%D4fr
fscanf
fseeko
fstring
ftello
fullname
function
function arguments expected
function at line %d has more than %d %s
function or expression too complex
function or level expected
function too long for return fixup
functionName
fwrite
g %g %g
g %g %g %g
g is not followed by a braced, angle-bracketed, or quoted name/number or by a plain number
g(M+g I
g_bUpdateStringTokenDatabase
g_pMemAlloc
gcc_except_tab__TEXT
generic
get length of
getDocument
getIsolateId
getNavigationHistory
getPossibleBreakpoints
getProperties
getResourceTree
getScriptSource
getVersion
getenv
getfenv
gethook
getinfo
getlocal
getmetatable
getmetatableLsetmetatable
getregistry
getupvalue
globalThis.__jsDebugIsReady = true
goto %s> jumps into the scope of local '%s
group name must start with a non-digit
gxx_personality_v0
h[A\A]A^A
handle_lightbinding
hash_dense
hash_sparse
header crc mismatch
heckstack
hideHighlight
hitBreakpoints
hit_condition
hit_count
hit_value
hscript
hscript_lightbinding
http://vscript/lua/%s
ightuserdata
in function '%s
in function <%s:%d
in main chunk
incompatible version
inconsistent NEWLINE options
incorrect data check
incorrect header check
incorrect length check
index out of range
index__newindex__gc__mode__eq__len__lt__le__concat__call__add__sub__mul__div__mod__pow__unm__metatable__tostring__new
inflate 1.2.11 Copyright 1995-2017 Mark Adler
inflate failed, result %d
instrumentation
insufficient memory
int64)m_nAllocationCount + (int64)num ) <= 0x7FFFFFFF
integer
internal error: code overflow
internal error: missing capturing bracket
internal error: opcode not recognized
internal error: overran compiling workspace
internal error: previously-checked referenced subpattern not found
internal error: unexpected repeat
internal error: unknown opcode in find_fixedlength
invalid
invalid UTF-16 string
invalid UTF-32 string
invalid UTF-8 string
invalid bit length repeat
invalid block type
invalid capture index
invalid code -- missing end-of-block
invalid code lengths set
invalid condition (?(0
invalid distance code
invalid distance too far back
invalid distances set
invalid escape sequence
invalid escape sequence in character class
invalid format
invalid key to 'next
invalid level
invalid literal/length code
invalid literal/lengths set
invalid long string delimiter
invalid option
invalid option '%s
invalid option '%s' to 'format
invalid order function for sorting
invalid pattern capture
invalid range in character class
invalid replacement value (a %s
invalid stored block lengths
invalid value
invalid value (%s) at index %d in table for 'concat
invalid window size
is an invalid data character in JavaScript compatibility mode
isarray
isempty
isrunning
isvararg
isyieldable
j_alloc_f_VALVE_OVERRIDEN
js_array
js_object
js_raw_args
js_value
json/list
json/version
k is not followed by a braced, angle-bracketed, or quoted name
k(D)c H
k(D)c L)h(u
k(H+k H
k@D+kPM
l$0D9f0v
l$XUSRQP
la_symbol_ptr
language
lastlinedefined
left-over data in buffer
leresult
level out of range
libvscript.dylib
lineNumber
linedefined
listen
lj_alloc_f_VALVE_OVERRIDEN
lll:kkk97
loader_path
loaders
loadfile
loadfile requires a filename argument
loadlib
loadstring
local variables
location
locations
lookbehind assertion is not fixed length
loop in gettable
loop in settable
loop or previous error loading module '%s
lstring
lua;/usr/local/share/luajit-2.1.0-beta3/?.lua;/usr/local/share/lua/5.1/?.lua;/usr/local/share/lua/5.1/?/init.lua
luaJIT_BC_%s
luaJIT_profile_dumpstack
luaJIT_profile_start
luaJIT_profile_stop
luaJIT_setmode
luaJIT_version_2_1_0_beta3
luaL_addlstring
luaL_addstring
luaL_addvalue
luaL_argerror
luaL_buffinit
luaL_callmeta
luaL_checkany
luaL_checkinteger
luaL_checklstring
luaL_checknumber
luaL_checkoption
luaL_checkstack
luaL_checktype
luaL_checkudata
luaL_error
luaL_execresult
luaL_fileresult
luaL_findtable
luaL_getmetafield
luaL_gsub
luaL_loadbuffer
luaL_loadbufferx
luaL_loadfile
luaL_loadfilex
luaL_loadstring
luaL_newmetatable
luaL_newstate
luaL_openlib
luaL_optinteger
luaL_optlstring
luaL_optnumber
luaL_prepbuffer
luaL_pushmodule
luaL_pushresult
luaL_ref
luaL_register
luaL_setfuncs
luaL_setmetatable
luaL_testudata
luaL_traceback
luaL_typerror
luaL_unref
luaL_where
lua_VALVE_HOOK_ALLOCATIONS
lua_VALVE_OVERRIDE_MMAP
lua_assert_on_error
lua_atpanic
lua_call
lua_checkstack
lua_close
lua_concat
lua_copy
lua_cpcall
lua_createtable
lua_debug
lua_dump
lua_equal
lua_error
lua_gc
lua_getallocf
lua_getexdata
lua_getexdata2
lua_getfenv
lua_getfield
lua_gethook
lua_gethookcount
lua_gethookmask
lua_getinfo
lua_getlocal
lua_getmetatable
lua_getstack
lua_gettable
lua_gettop
lua_getupvalue
lua_insert
lua_iscfunction
lua_isnumber
lua_isstring
lua_isuserdata
lua_isyieldable
lua_lessthan
lua_load
lua_loadx
lua_newstate
lua_newthread
lua_newuserdata
lua_next
lua_objlen
lua_pcall
lua_pushboolean
lua_pushcclosure
lua_pushfstring
lua_pushinteger
lua_pushlightuserdata
lua_pushlstring
lua_pushnil
lua_pushnumber
lua_pushstring
lua_pushthread
lua_pushvalue
lua_pushvfstring
lua_rawequal
lua_rawget
lua_rawgeti
lua_rawset
lua_rawseti
lua_remove
lua_replace
lua_report_memory
lua_resetthread
lua_resume
lua_setallocf
lua_setexdata
lua_setexdata2
lua_setfenv
lua_setfield
lua_sethook
lua_setlocal
lua_setmetatable
lua_settable
lua_settop
lua_setupvalue
lua_shipping_assert_on_error
lua_status
lua_toboolean
lua_tocfunction
lua_tointeger
lua_tointegerx
lua_tolstring
lua_tonumber
lua_tonumberx
lua_topointer
lua_tothread
lua_touserdata
lua_type
lua_typename
lua_upvalueid
lua_upvaluejoin
lua_version
lua_xmove
lua_yield
luadbg_inspector
luajit
luaopen_%s
luaopen_base
luaopen_bit
luaopen_debug
luaopen_io
luaopen_math
luaopen_package
luaopen_string
luaopen_string_buffer
luaopen_table
main function has more than %d %s
malformed \P or \p sequence
malformed number
malformed number or name after
malformed pattern (ends with
malformed pattern (missing
malloc
max_children
max_data
max_depth
memchr
memcmp
memcpy
memcpy_chk
memmove
memset
memset_pattern16
message
metamethod
metatable
missing
missing '[' after '%f' in pattern
missing ) after comment
missing opening brace after \o
missing terminating ] for character class
mod_init_func
modfClog
module '%s' not found:%s
module' not called from a Lua function
mprotect
munmap
n H9k t9H
name conflict for module '%s
name is too long in (*MARK), (*PRUNE), (*SKIP), or (*THEN
name> or '...' expected
namewhat
ndtable
need dictionary
newValue
newindex
newproxy
nil or table expected
nl_symbol_ptr
no calling environment
no error
no failure reason set
no field package.preload['%s
no file '%s
no loop to break
no module '%s' in file '%s
no value
nodeVersion
non-hex character in \x{} (closing brace missing
non-octal character in \o{} (closing brace missing
not enough memory
nothing to repeat
nparams
number
number after (?C is > 255
number is too big
number out of range
number too big in {} quantifier
numbers out of order in {} quantifier
numchildren
objectId
octal value is greater than \377 in 8-bit non-UTF-8 mode
operand of unlimited repeat could match the empty string
opt/buildbot/buildworker/source2_dota_rel_osx64/build/src/mathlib/mathlib.cpp
opt/buildbot/buildworker/source2_dota_rel_osx64/build/src/tier0_perproject/singletons.cpp
opt/buildbot/buildworker/source2_dota_rel_osx64/build/src/vscript/languages/lua/vlua/vlua.cpp
or 'in' expected
p P@`@p
p8[A^A
package
package.%s' must be a string
package.loaders' must be a table
package.preload' must be a table
pagesize
panorama
parentheses are too deeply nested
parentheses are too deeply nested (stack check
parentheses nested too deeply
path too long
pattern too complex
pclose
pcre_callout
pcre_compile
pcre_compile2
pcre_exec
pcre_free
pcre_free_study
pcre_fullinfo
pcre_malloc
pcre_stack_free
pcre_stack_guard
pcre_stack_malloc
pcre_study
perform arithmetic on
permessage-deflate
pointer
preload
printstack
process/%u
process/%u/%s
processId
product
profile
property
property_get
property_set
protocolVersion
protocol_version
public/tier0/utlmemory.h
putchar
quaternion
raceback
radr://5614542
randomseed
range out of order in character class
rawequal
reader function must return a string
reatetable
recursive call could loop indefinitely
reference to non-existent subpattern
register_frame
regular expression is too large
releaseObjectGroup
removeBreakpoint
repGreverse
repbuffer
repeated subpattern is too long
repeating a DEFINE group is not allowed
require
require('module').builtinModules
resource
resource_name
resourcehandle
response
restart
restartFrame
restartFrame is not supported
return %s
returnType
revision
rgerror
rorDband
rpath/libtier0.dylib
rpath/libvscript.dylib
runIfWaitingForDebugger
running
runtime code generation failed, restricted kernel
s %p [%f %f %f
s - %s(%d
s <null
s called with %d arguments - expected %d
s called with %d arguments - expected %d-%d
s connection attempt timed out
s connection attempt to %s timed out
s expected, got %s
s has no instance glue - are you doing objectName.%s instead of objectName:%s
s near '%s
s parameter %d: expected %s but got %s
s' expected
s' expected (to close '%s' at line %d
s: Invalid capacity %u
s: Invalid grow amount %d
s: Unsupported raw allocator type %u
s>fffff
sBMcl$PM
schemasystem
scopeChain
scopeNumber
script
scriptId
scriptSource
scripts/vscripts
scripts/vscripts/%s
searchpath
selectHtonumberHtostring
session
sessionId
setAdBlockingEnabled
setAsyncCallStackDepth
setAttachDebugStack
setAutoAttach
setAutoDarkModeOverride
setBlackboxPatterns
setBreakOnCSPViolation
setBreakpoint
setBreakpointByUrl
setBreakpointsActive
setCacheDisabled
setDiscoverTargets
setEmitTouchEventsForMouse
setEmulatedMedia
setEmulatedVisionDeficiency
setFocusEmulationEnabled
setForceUpdateOnPageLoad
setInstrumentationBreakpoint
setPauseOnExceptions
setPausedInDebuggerMessage
setRemoteLocations
setReturnValue
setReturnValue is not supported
setShowViewportSizeOnResize
setTouchEmulationEnabled
setVariableValue
setfenv
setfenv' cannot change environment of given object
setfenvFrawget
sethook
setitimer
setlocal
setmetatable
setmode
setpause
setsockopt
setstepmul
setting UTF is disabled by the application
setupvalue
setvbuf
sffffff
short_src
shutdown
sigaction
so;/usr/local/lib/lua/5.1/?.so;/usr/local/lib/lua/5.1/loadall.so
socket
soundevent
sourceURL
sourceid
spare error
stack overflow
stack overflow (%s
stack traceback
stack_chk_fail
stack_chk_guard
stack_get
standard file is closed
startColumn
startLine
startScreencast
startViolationsReport
starting
stderrp
stdinp
stdoutp
steamapps/workshop/content
stepInto
stepOut
stepOver
step_into
step_out
step_over
stopScreencast
stopViolationsReport
stopped
stopping
strchr
strcmp
strcpy
stream end
stream error
strerror
string
string length overflow
string slice too long
string.buffer
string/function/table expected
string/number/__tostring
string_t
strlen
strncmp
strncpy
strrchr
strstr
strtoul
stub_helper
subclass
subpattern name expected
subpattern name is too long (maximum 32 characters
subtype
success
support for \P, \p, and \X has not been compiled
supported
suspended
syntax error
syntax error in subpattern name (missing terminator
t [A^A
t"H91t#H
t"IcGdH
t(D#C\L
t)L;T$0r"M
tM;S8s9H
tQ;k8s<H
tRA;W8s>L
tSA;W8s@L
tVA;W8sBL
tXA;W8sCL
tXA;_8sBL
tXH9)taH
t]I9?uX
t^E;g8H
t_A;T$8sGH
table index is NaN
table index is nil
table overflow
table.clear
table.clone
table.isarray
table.isempty
table.new
table.nkeys
tail return
takeComputedStyleUpdates
targetId
targetInfo
temp_unserialization_member
temporary
tgL9v raH
this version of PCRE is compiled without UTF support
this version of PCRE is not compiled with Unicode property support
thread_bss
thread_vars
timestamp
tlv_bootstrap
tmpfile
to</tkH
too deep to serialize
too many arguments
too many captures
too many forward references
too many length or distance symbols
too many named subpatterns (maximum 10000
too many nested functions
too many results to unpack
too many upvalues
tostring
tostring' must return a string to 'print
traceback
trackComputedStyleUpdates
transaction_id
two named subpatterns have the same name
typeDnext
typeof process === 'undefined' || process.pid === undefined ? 'process not defined' : ({ processId: process.pid, nodeVersion: process.version, architecture: process.arch
typeof process === 'undefined' || process.pid === undefined ? 'process not defined' : Object.assign(process.env
u nesting levels not completed
u(E;u,v
u(I+u A
u(I+u H
u(M+u8f
u/<XtE<Hu'L
u/<XtT<Hu'L
uX<Xt-<HuPL
uZ<Xt.<HuRL
u]z[A9G0
ullinfo
unable to dump given function
unable to generate a unique filename
unbalanced pattern
uncaught
undefined
undefined label '%s
unexpected end of buffer
unexpected symbol
unfinished capture
unfinished long comment
unfinished long string
unfinished string
ungetc
uniqueId
unknown
unknown POSIX class name
unknown compression method
unknown error
unknown header flags set
unknown option bit(s) set
unknown or incorrect option bit(s) set
unknown or malformed optimization flag '%s
unknown property name after \P or \p
unknown value type %d
unknown_variant_type
unmatched parentheses
unrecognized character after
unrecognized character after (? or
unrecognized character after (?P
unrecognized character follows
unserializableValue
unsigned
unwind_info
upvalue
upvalueid
upvaluejoin
upvalues
urlRegex
urn:debugger_protocol_v1
userAgent
userdata
userdata length overflow
userdata_metatable
usr/lib/libSystem.B.dylib
usr/lib/libc++.1.dylib
usr/lib/libiconv.2.dylib
utlstringtoken
v15.0.0
vTH;S0r
value expected
var/srcds/shared/dota
vararg
variable names
variableName
variant
vector2
vector2d
vector3
vector4
vector4d
version
version_2_1_0_beta3
void CLuaVM::HandleError(const char *, const char
void CUtlMemory<CKeyValues3ArrayCluster *, int>::Grow(int) [T = CKeyValues3ArrayCluster *, I = int
void CUtlMemory<CKeyValues3Cluster *, int>::Grow(int) [T = CKeyValues3Cluster *, I = int
void CUtlMemory<CKeyValues3Iterator::StackEntry_t, int>::Grow(int) [T = CKeyValues3Iterator::StackEntry_t, I = int
void CUtlMemory<CKeyValues3TableCluster *, int>::Grow(int) [T = CKeyValues3TableCluster *, I = int
void CUtlMemory<CLuaDBGpCommand, int>::Grow(int) [T = CLuaDBGpCommand, I = int
void CUtlMemory<CLuaDbgInspector::CompiledScript_t, int>::Grow(int) [T = CLuaDbgInspector::CompiledScript_t, I = int
void CUtlMemory<CLuaVMDbg::BreakpointAndData_t, int>::Grow(int) [T = CLuaVMDbg::BreakpointAndData_t, I = int
void CUtlMemory<CLuaValue, int>::Grow(int) [T = CLuaValue, I = int
void CUtlMemory<CUtlDelegate<void (const CLuaDBGpCommand &)>, int>::Grow(int) [T = CUtlDelegate<void (const CLuaDBGpCommand &)>, I = int
void CUtlMemory<CUtlHashMap<unsigned long long, int, CDefEquals<unsigned long long>, HashMapFunctor_t<unsigned long long>, int>::HashBucket_t, int>::Grow(int) [T = CUtlHashMap<unsigned long long, int, CDefEquals<unsigned long long>, HashMapFunctor_t<unsigned long long>, int>::HashBucket_t, I = int
void CUtlMemory<CUtlHashMap<unsigned long long, int, CDefEquals<unsigned long long>, HashMapFunctor_t<unsigned long long>, int>::Node_t, int>::Grow(int) [T = CUtlHashMap<unsigned long long, int, CDefEquals<unsigned long long>, HashMapFunctor_t<unsigned long long>, int>::Node_t, I = int
void CUtlMemory<CUtlStringToken, int>::Grow(int) [T = CUtlStringToken, I = int
void CUtlMemory<CUtlTokenReference, int>::Grow(int) [T = CUtlTokenReference, I = int
void CUtlMemory<EndpointState_t, int>::Grow(int) [T = EndpointState_t, I = int
void CUtlMemory<ILuaDbgConnection::BreakInfo_t, int>::Grow(int) [T = ILuaDbgConnection::BreakInfo_t, I = int
void CUtlMemory<KeyValues3 *, int>::Grow(int) [T = KeyValues3 *, I = int
void CUtlMemory<LuaStackLevel_t, int>::Grow(int) [T = LuaStackLevel_t, I = int
void CUtlMemory<TokenWarning_t, int>::Grow(int) [T = TokenWarning_t, I = int
void CUtlMemory<char, int>::Grow(int) [T = char, I = int
void CUtlMemory<const char *, int>::Grow(int) [T = const char *, I = int
void CUtlMemory<int, int>::Grow(int) [T = int, I = int
void CUtlMemory<lua_Debug, int>::Grow(int) [T = lua_Debug, I = int
void CUtlMemory<unsigned char, int>::Grow(int) [T = unsigned char, I = int
void CUtlMemory_RawAllocator<CUtlHashtableEntry<unsigned int, empty_t> >::EnsureCapacity(int) [T = CUtlHashtableEntry<unsigned int, empty_t
void CUtlMemory_RawAllocator<CUtlHashtableEntry<unsigned int, empty_t> >::SetRawAllocatorType(RawAllocatorType_t) [T = CUtlHashtableEntry<unsigned int, empty_t
void CUtlMemory_RawAllocator<unsigned int>::EnsureCapacity(int) [T = unsigned int
void CUtlMemory_RawAllocator<unsigned int>::Grow(int) [T = unsigned int
void CUtlMemory_RawAllocator<unsigned int>::SetRawAllocatorType(RawAllocatorType_t) [T = unsigned int
void ConnectInterfaceSingletons(CreateInterfaceFn *, int
void MathLib_Init
vscript
vscript.LuaDbg
vscriptdebug_script
w IcWlH
w IcWlL
w(L+w I
w0Hc_0H
w:ffff
waitForDebugger
waitingForDebugger
webSocketDebuggerUrl
wpE;wtr
writable
wrong number of arguments to 'insert
ws://127.0.0.1
x%llx_%s
x[A\A]A^A
x[A\A^A
xecresult
xml version="1.0" encoding="UTF-8
yieldable
yperror
